-- The C compiler identification is GNU 11.4.0
-- The CXX compiler identification is GNU 11.4.0
-- Detecting C compiler ABI info
-- Detecting C compiler ABI info - done
-- Check for working C compiler: /usr/bin/cc - skipped
-- Detecting C compile features
-- Detecting C compile features - done
-- Detecting CXX compiler ABI info
-- Detecting CXX compiler ABI info - done
-- Check for working CXX compiler: /usr/bin/c++ - skipped
-- Detecting CXX compile features
-- Detecting CXX compile features - done
-- Found ament_cmake: 1.3.12 (/opt/ros/humble/share/ament_cmake/cmake)
-- Found Python3: /usr/bin/python3 (found version "3.10.12") found components: Interpreter 
-- Override CMake install command with custom implementation using symlinks instead of copying resources
-- Found moveit_ros_planning_interface: 2.5.9 (/home/choigh/moveit_ws/install/share/moveit_ros_planning_interface/cmake)
-- Found Boost: /usr/lib/x86_64-linux-gnu/cmake/Boost-1.74.0/BoostConfig.cmake (found version "1.74.0") found components: date_time filesystem program_options system thread 
-- Found rosidl_generator_c: 3.1.7 (/opt/ros/humble/share/rosidl_generator_c/cmake)
-- Found rosidl_adapter: 3.1.7 (/opt/ros/humble/share/rosidl_adapter/cmake)
-- Found rosidl_generator_cpp: 3.1.7 (/opt/ros/humble/share/rosidl_generator_cpp/cmake)
-- Using all available rosidl_typesupport_c: rosidl_typesupport_fastrtps_c;rosidl_typesupport_introspection_c
-- Using all available rosidl_typesupport_cpp: rosidl_typesupport_fastrtps_cpp;rosidl_typesupport_introspection_cpp
-- Found Boost: /usr/lib/x86_64-linux-gnu/cmake/Boost-1.74.0/BoostConfig.cmake (found version "1.74.0") found components: chrono date_time filesystem iostreams program_options regex serialization system thread 
-- Found parameter_traits: 0.5.0 (/opt/ros/humble/share/parameter_traits/cmake)
-- Found rmw_implementation_cmake: 6.1.2 (/opt/ros/humble/share/rmw_implementation_cmake/cmake)
-- Found rmw_fastrtps_cpp: 6.2.9 (/opt/ros/humble/share/rmw_fastrtps_cpp/cmake)
-- Found OpenSSL: /usr/lib/x86_64-linux-gnu/libcrypto.so (found version "3.0.2")  
-- Found FastRTPS: /opt/ros/humble/include  
-- Using RMW implementation 'rmw_fastrtps_cpp' as default
-- Found Threads: TRUE  
-- Found rclcpp_lifecycle: 16.0.15 (/opt/ros/humble/share/rclcpp_lifecycle/cmake)
-- Found Boost: /usr/lib/x86_64-linux-gnu/cmake/Boost-1.74.0/BoostConfig.cmake (found version "1.74.0") found components: filesystem 
-- library: /usr/lib/x86_64-linux-gnu/libcurl.so
-- Found Eigen3: TRUE (found version "3.4.0") 
-- Ensuring Eigen3 include directory is part of orocos-kdl CMake target
-- Found Boost: /usr/lib/x86_64-linux-gnu/cmake/Boost-1.74.0/BoostConfig.cmake (found version "1.74.0") found components: system filesystem date_time program_options thread chrono 
-- Found Boost: /usr/lib/x86_64-linux-gnu/cmake/Boost-1.74.0/BoostConfig.cmake (found version "1.74.0") found components: thread system filesystem regex date_time program_options 
-- Found Boost: /usr/lib/x86_64-linux-gnu/cmake/Boost-1.74.0/BoostConfig.cmake (found version "1.74.0") found components: system filesystem date_time program_options thread 
-- Configuring done
-- Generating done
-- Build files have been written to: /home/choigh/ws_cr_sf/build/cr_pjt
[ 25%] [32mBuilding CXX object CMakeFiles/robot_interface.dir/src/robot_interface.cpp.o[0m
[ 50%] [32m[1mLinking CXX static library librobot_interface.a[0m
[ 50%] Built target robot_interface
[ 75%] [32mBuilding CXX object CMakeFiles/robot_interface_test.dir/src/robot_interface_test.cpp.o[0m
[100%] [32m[1mLinking CXX executable robot_interface_test[0m
[100%] Built target robot_interface_test
-- Install configuration: ""
-- Execute custom install script
-- Symlinking: /home/choigh/ws_cr_sf/install/cr_pjt/lib/cr_pjt/librobot_interface.a
-- Symlinking: /home/choigh/ws_cr_sf/install/cr_pjt/lib/cr_pjt/robot_interface_test
-- Symlinking: /home/choigh/ws_cr_sf/install/cr_pjt/share/ament_index/resource_index/package_run_dependencies/cr_pjt
-- Symlinking: /home/choigh/ws_cr_sf/install/cr_pjt/share/ament_index/resource_index/parent_prefix_path/cr_pjt
-- Symlinking: /home/choigh/ws_cr_sf/install/cr_pjt/share/cr_pjt/environment/ament_prefix_path.sh
-- Symlinking: /home/choigh/ws_cr_sf/install/cr_pjt/share/cr_pjt/environment/ament_prefix_path.dsv
-- Symlinking: /home/choigh/ws_cr_sf/install/cr_pjt/share/cr_pjt/environment/path.sh
-- Symlinking: /home/choigh/ws_cr_sf/install/cr_pjt/share/cr_pjt/environment/path.dsv
-- Symlinking: /home/choigh/ws_cr_sf/install/cr_pjt/share/cr_pjt/local_setup.bash
-- Symlinking: /home/choigh/ws_cr_sf/install/cr_pjt/share/cr_pjt/local_setup.sh
-- Symlinking: /home/choigh/ws_cr_sf/install/cr_pjt/share/cr_pjt/local_setup.zsh
-- Symlinking: /home/choigh/ws_cr_sf/install/cr_pjt/share/cr_pjt/local_setup.dsv
-- Symlinking: /home/choigh/ws_cr_sf/install/cr_pjt/share/cr_pjt/package.dsv
-- Symlinking: /home/choigh/ws_cr_sf/install/cr_pjt/share/ament_index/resource_index/packages/cr_pjt
-- Symlinking: /home/choigh/ws_cr_sf/install/cr_pjt/share/cr_pjt/cmake/ament_cmake_export_include_directories-extras.cmake
-- Symlinking: /home/choigh/ws_cr_sf/install/cr_pjt/share/cr_pjt/cmake/cr_pjtConfig.cmake
-- Symlinking: /home/choigh/ws_cr_sf/install/cr_pjt/share/cr_pjt/cmake/cr_pjtConfig-version.cmake
-- Symlinking: /home/choigh/ws_cr_sf/install/cr_pjt/share/cr_pjt/package.xml
