[0.006s] Invoking command in '/home/choigh/ws_cr_sf/build/cr_pjt': CMAKE_PREFIX_PATH=${CMAKE_PREFIX_PATH}:/opt/ros/humble /usr/bin/cmake /home/choigh/ws_cr_sf/src/cr_pjt -DAMENT_CMAKE_SYMLINK_INSTALL=1 -DCMAKE_INSTALL_PREFIX=/home/choigh/ws_cr_sf/install/cr_pjt
[0.035s] -- The C compiler identification is GNU 11.4.0
[0.064s] -- The CXX compiler identification is GNU 11.4.0
[0.068s] -- Detecting C compiler ABI info
[0.106s] -- Detecting C compiler ABI info - done
[0.113s] -- Check for working C compiler: /usr/bin/cc - skipped
[0.113s] -- Detecting C compile features
[0.113s] -- Detecting C compile features - done
[0.115s] -- Detecting CXX compiler ABI info
[0.160s] -- Detecting CXX compiler ABI info - done
[0.166s] -- Check for working CXX compiler: /usr/bin/c++ - skipped
[0.166s] -- Detecting CXX compile features
[0.166s] -- Detecting CXX compile features - done
[0.168s] -- Found ament_cmake: 1.3.12 (/opt/ros/humble/share/ament_cmake/cmake)
[0.256s] -- Found Python3: /usr/bin/python3 (found version "3.10.12") found components: Interpreter 
[0.290s] -- Override CMake install command with custom implementation using symlinks instead of copying resources
[0.313s] -- Found moveit_ros_planning_interface: 2.5.9 (/home/choigh/moveit_ws/install/share/moveit_ros_planning_interface/cmake)
[0.413s] -- Found Boost: /usr/lib/x86_64-linux-gnu/cmake/Boost-1.74.0/BoostConfig.cmake (found version "1.74.0") found components: date_time filesystem program_options system thread 
[0.442s] -- Found rosidl_generator_c: 3.1.7 (/opt/ros/humble/share/rosidl_generator_c/cmake)
[0.446s] -- Found rosidl_adapter: 3.1.7 (/opt/ros/humble/share/rosidl_adapter/cmake)
[0.451s] -- Found rosidl_generator_cpp: 3.1.7 (/opt/ros/humble/share/rosidl_generator_cpp/cmake)
[0.459s] -- Using all available rosidl_typesupport_c: rosidl_typesupport_fastrtps_c;rosidl_typesupport_introspection_c
[0.470s] -- Using all available rosidl_typesupport_cpp: rosidl_typesupport_fastrtps_cpp;rosidl_typesupport_introspection_cpp
[0.583s] -- Found Boost: /usr/lib/x86_64-linux-gnu/cmake/Boost-1.74.0/BoostConfig.cmake (found version "1.74.0") found components: chrono date_time filesystem iostreams program_options regex serialization system thread 
[0.616s] -- Found parameter_traits: 0.5.0 (/opt/ros/humble/share/parameter_traits/cmake)
[0.644s] -- Found rmw_implementation_cmake: 6.1.2 (/opt/ros/humble/share/rmw_implementation_cmake/cmake)
[0.646s] -- Found rmw_fastrtps_cpp: 6.2.9 (/opt/ros/humble/share/rmw_fastrtps_cpp/cmake)
[0.697s] -- Found OpenSSL: /usr/lib/x86_64-linux-gnu/libcrypto.so (found version "3.0.2")  
[0.712s] -- Found FastRTPS: /opt/ros/humble/include  
[0.736s] -- Using RMW implementation 'rmw_fastrtps_cpp' as default
[0.743s] -- Found Threads: TRUE  
[0.771s] -- Found rclcpp_lifecycle: 16.0.15 (/opt/ros/humble/share/rclcpp_lifecycle/cmake)
[0.786s] -- Found Boost: /usr/lib/x86_64-linux-gnu/cmake/Boost-1.74.0/BoostConfig.cmake (found version "1.74.0") found components: filesystem 
[0.842s] -- library: /usr/lib/x86_64-linux-gnu/libcurl.so
[0.862s] -- Found Eigen3: TRUE (found version "3.4.0") 
[0.862s] -- Ensuring Eigen3 include directory is part of orocos-kdl CMake target
[0.949s] -- Found Boost: /usr/lib/x86_64-linux-gnu/cmake/Boost-1.74.0/BoostConfig.cmake (found version "1.74.0") found components: system filesystem date_time program_options thread chrono 
[0.966s] -- Found Boost: /usr/lib/x86_64-linux-gnu/cmake/Boost-1.74.0/BoostConfig.cmake (found version "1.74.0") found components: thread system filesystem regex date_time program_options 
[0.979s] -- Found Boost: /usr/lib/x86_64-linux-gnu/cmake/Boost-1.74.0/BoostConfig.cmake (found version "1.74.0") found components: system filesystem date_time program_options thread 
[1.032s] -- Configuring done
[1.050s] -- Generating done
[1.054s] -- Build files have been written to: /home/choigh/ws_cr_sf/build/cr_pjt
[1.064s] Invoked command in '/home/choigh/ws_cr_sf/build/cr_pjt' returned '0': CMAKE_PREFIX_PATH=${CMAKE_PREFIX_PATH}:/opt/ros/humble /usr/bin/cmake /home/choigh/ws_cr_sf/src/cr_pjt -DAMENT_CMAKE_SYMLINK_INSTALL=1 -DCMAKE_INSTALL_PREFIX=/home/choigh/ws_cr_sf/install/cr_pjt
[1.064s] Invoking command in '/home/choigh/ws_cr_sf/build/cr_pjt': CMAKE_PREFIX_PATH=${CMAKE_PREFIX_PATH}:/opt/ros/humble /usr/bin/cmake --build /home/choigh/ws_cr_sf/build/cr_pjt -- -j20 -l20
[1.095s] [ 25%] [32mBuilding CXX object CMakeFiles/robot_interface.dir/src/robot_interface.cpp.o[0m
[5.112s] [ 50%] [32m[1mLinking CXX static library librobot_interface.a[0m
[5.138s] [ 50%] Built target robot_interface
[5.150s] [ 75%] [32mBuilding CXX object CMakeFiles/robot_interface_test.dir/src/robot_interface_test.cpp.o[0m
[8.660s] [100%] [32m[1mLinking CXX executable robot_interface_test[0m
[8.855s] [100%] Built target robot_interface_test
[8.863s] Invoked command in '/home/choigh/ws_cr_sf/build/cr_pjt' returned '0': CMAKE_PREFIX_PATH=${CMAKE_PREFIX_PATH}:/opt/ros/humble /usr/bin/cmake --build /home/choigh/ws_cr_sf/build/cr_pjt -- -j20 -l20
[8.869s] Invoking command in '/home/choigh/ws_cr_sf/build/cr_pjt': CMAKE_PREFIX_PATH=${CMAKE_PREFIX_PATH}:/opt/ros/humble /usr/bin/cmake --install /home/choigh/ws_cr_sf/build/cr_pjt
[8.873s] -- Install configuration: ""
[8.873s] -- Execute custom install script
[8.873s] -- Symlinking: /home/choigh/ws_cr_sf/install/cr_pjt/lib/cr_pjt/librobot_interface.a
[8.878s] -- Symlinking: /home/choigh/ws_cr_sf/install/cr_pjt/lib/cr_pjt/robot_interface_test
[8.883s] -- Symlinking: /home/choigh/ws_cr_sf/install/cr_pjt/share/ament_index/resource_index/package_run_dependencies/cr_pjt
[8.888s] -- Symlinking: /home/choigh/ws_cr_sf/install/cr_pjt/share/ament_index/resource_index/parent_prefix_path/cr_pjt
[8.892s] -- Symlinking: /home/choigh/ws_cr_sf/install/cr_pjt/share/cr_pjt/environment/ament_prefix_path.sh
[8.897s] -- Symlinking: /home/choigh/ws_cr_sf/install/cr_pjt/share/cr_pjt/environment/ament_prefix_path.dsv
[8.901s] -- Symlinking: /home/choigh/ws_cr_sf/install/cr_pjt/share/cr_pjt/environment/path.sh
[8.906s] -- Symlinking: /home/choigh/ws_cr_sf/install/cr_pjt/share/cr_pjt/environment/path.dsv
[8.910s] -- Symlinking: /home/choigh/ws_cr_sf/install/cr_pjt/share/cr_pjt/local_setup.bash
[8.915s] -- Symlinking: /home/choigh/ws_cr_sf/install/cr_pjt/share/cr_pjt/local_setup.sh
[8.919s] -- Symlinking: /home/choigh/ws_cr_sf/install/cr_pjt/share/cr_pjt/local_setup.zsh
[8.924s] -- Symlinking: /home/choigh/ws_cr_sf/install/cr_pjt/share/cr_pjt/local_setup.dsv
[8.928s] -- Symlinking: /home/choigh/ws_cr_sf/install/cr_pjt/share/cr_pjt/package.dsv
[8.933s] -- Symlinking: /home/choigh/ws_cr_sf/install/cr_pjt/share/ament_index/resource_index/packages/cr_pjt
[8.938s] -- Symlinking: /home/choigh/ws_cr_sf/install/cr_pjt/share/cr_pjt/cmake/ament_cmake_export_include_directories-extras.cmake
[8.943s] -- Symlinking: /home/choigh/ws_cr_sf/install/cr_pjt/share/cr_pjt/cmake/cr_pjtConfig.cmake
[8.947s] -- Symlinking: /home/choigh/ws_cr_sf/install/cr_pjt/share/cr_pjt/cmake/cr_pjtConfig-version.cmake
[8.952s] -- Symlinking: /home/choigh/ws_cr_sf/install/cr_pjt/share/cr_pjt/package.xml
[8.958s] Invoked command in '/home/choigh/ws_cr_sf/build/cr_pjt' returned '0': CMAKE_PREFIX_PATH=${CMAKE_PREFIX_PATH}:/opt/ros/humble /usr/bin/cmake --install /home/choigh/ws_cr_sf/build/cr_pjt
