[0.006s] Invoking command in '/home/choigh/ws_cr_sf/build/cr_pjt': CMAKE_PREFIX_PATH=${CMAKE_PREFIX_PATH}:/opt/ros/humble /usr/bin/cmake /home/choigh/ws_cr_sf/src/cr_pjt -DAMENT_CMAKE_SYMLINK_INSTALL=1 -DCMAKE_INSTALL_PREFIX=/home/choigh/ws_cr_sf/install/cr_pjt
[0.037s] -- The C compiler identification is GNU 11.4.0
[0.066s] -- The CXX compiler identification is GNU 11.4.0
[0.071s] -- Detecting C compiler ABI info
[0.112s] -- Detecting C compiler ABI info - done
[0.118s] -- Check for working C compiler: /usr/bin/cc - skipped
[0.118s] -- Detecting C compile features
[0.119s] -- Detecting C compile features - done
[0.121s] -- Detecting CXX compiler ABI info
[0.168s] -- Detecting CXX compiler ABI info - done
[0.172s] -- Check for working CXX compiler: /usr/bin/c++ - skipped
[0.173s] -- Detecting CXX compile features
[0.173s] -- Detecting CXX compile features - done
[0.175s] -- Found ament_cmake: 1.3.12 (/opt/ros/humble/share/ament_cmake/cmake)
[0.265s] -- Found Python3: /usr/bin/python3 (found version "3.10.12") found components: Interpreter 
[0.301s] -- Override CMake install command with custom implementation using symlinks instead of copying resources
[0.325s] -- Found moveit_ros_planning_interface: 2.5.9 (/home/choigh/moveit_ws/install/share/moveit_ros_planning_interface/cmake)
[0.431s] -- Found Boost: /usr/lib/x86_64-linux-gnu/cmake/Boost-1.74.0/BoostConfig.cmake (found version "1.74.0") found components: date_time filesystem program_options system thread 
[0.463s] -- Found rosidl_generator_c: 3.1.7 (/opt/ros/humble/share/rosidl_generator_c/cmake)
[0.467s] -- Found rosidl_adapter: 3.1.7 (/opt/ros/humble/share/rosidl_adapter/cmake)
[0.473s] -- Found rosidl_generator_cpp: 3.1.7 (/opt/ros/humble/share/rosidl_generator_cpp/cmake)
[0.480s] -- Using all available rosidl_typesupport_c: rosidl_typesupport_fastrtps_c;rosidl_typesupport_introspection_c
[0.491s] -- Using all available rosidl_typesupport_cpp: rosidl_typesupport_fastrtps_cpp;rosidl_typesupport_introspection_cpp
[0.605s] -- Found Boost: /usr/lib/x86_64-linux-gnu/cmake/Boost-1.74.0/BoostConfig.cmake (found version "1.74.0") found components: chrono date_time filesystem iostreams program_options regex serialization system thread 
[0.638s] -- Found parameter_traits: 0.5.0 (/opt/ros/humble/share/parameter_traits/cmake)
[0.666s] -- Found rmw_implementation_cmake: 6.1.2 (/opt/ros/humble/share/rmw_implementation_cmake/cmake)
[0.668s] -- Found rmw_fastrtps_cpp: 6.2.9 (/opt/ros/humble/share/rmw_fastrtps_cpp/cmake)
[0.720s] -- Found OpenSSL: /usr/lib/x86_64-linux-gnu/libcrypto.so (found version "3.0.2")  
[0.737s] -- Found FastRTPS: /opt/ros/humble/include  
[0.766s] -- Using RMW implementation 'rmw_fastrtps_cpp' as default
[0.773s] -- Found Threads: TRUE  
[0.807s] -- Found rclcpp_lifecycle: 16.0.15 (/opt/ros/humble/share/rclcpp_lifecycle/cmake)
[0.825s] -- Found Boost: /usr/lib/x86_64-linux-gnu/cmake/Boost-1.74.0/BoostConfig.cmake (found version "1.74.0") found components: filesystem 
[0.886s] -- library: /usr/lib/x86_64-linux-gnu/libcurl.so
[0.910s] -- Found Eigen3: TRUE (found version "3.4.0") 
[0.910s] -- Ensuring Eigen3 include directory is part of orocos-kdl CMake target
[1.015s] -- Found Boost: /usr/lib/x86_64-linux-gnu/cmake/Boost-1.74.0/BoostConfig.cmake (found version "1.74.0") found components: system filesystem date_time program_options thread chrono 
[1.036s] -- Found Boost: /usr/lib/x86_64-linux-gnu/cmake/Boost-1.74.0/BoostConfig.cmake (found version "1.74.0") found components: thread system filesystem regex date_time program_options 
[1.051s] -- Found Boost: /usr/lib/x86_64-linux-gnu/cmake/Boost-1.74.0/BoostConfig.cmake (found version "1.74.0") found components: system filesystem date_time program_options thread 
[1.115s] -- Configuring done
[1.136s] -- Generating done
[1.142s] -- Build files have been written to: /home/choigh/ws_cr_sf/build/cr_pjt
[1.151s] Invoked command in '/home/choigh/ws_cr_sf/build/cr_pjt' returned '0': CMAKE_PREFIX_PATH=${CMAKE_PREFIX_PATH}:/opt/ros/humble /usr/bin/cmake /home/choigh/ws_cr_sf/src/cr_pjt -DAMENT_CMAKE_SYMLINK_INSTALL=1 -DCMAKE_INSTALL_PREFIX=/home/choigh/ws_cr_sf/install/cr_pjt
[1.152s] Invoking command in '/home/choigh/ws_cr_sf/build/cr_pjt': CMAKE_PREFIX_PATH=${CMAKE_PREFIX_PATH}:/opt/ros/humble /usr/bin/cmake --build /home/choigh/ws_cr_sf/build/cr_pjt -- -j20 -l20
[1.182s] [ 25%] [32mBuilding CXX object CMakeFiles/robot_interface.dir/src/robot_interface.cpp.o[0m
[4.651s] In file included from [01m[K/usr/include/x86_64-linux-gnu/c++/11/bits/c++allocator.h:33[m[K,
[4.652s]                  from [01m[K/usr/include/c++/11/bits/allocator.h:46[m[K,
[4.652s]                  from [01m[K/usr/include/c++/11/memory:64[m[K,
[4.652s]                  from [01m[K/opt/ros/humble/include/rclcpp/rclcpp/rclcpp.hpp:153[m[K,
[4.652s]                  from [01m[K/home/choigh/ws_cr_sf/src/cr_pjt/include/cr_pjt/robot_interface.hpp:2[m[K,
[4.652s]                  from [01m[K/home/choigh/ws_cr_sf/src/cr_pjt/src/robot_interface.cpp:1[m[K:
[4.652s] /usr/include/c++/11/ext/new_allocator.h: In instantiation of ‘[01m[Kvoid __gnu_cxx::new_allocator<_Tp>::construct(_Up*, _Args&& ...) [with _Up = moveit::planning_interface::MoveGroupInterface; _Args = {std::shared_ptr<rclcpp::Node>&, const char (&)[4], rclcpp::NodeOptions&}; _Tp = moveit::planning_interface::MoveGroupInterface][m[K’:
[4.652s] [01m[K/usr/include/c++/11/bits/alloc_traits.h:516:17:[m[K   required from ‘[01m[Kstatic void std::allocator_traits<std::allocator<_Tp1> >::construct(std::allocator_traits<std::allocator<_Tp1> >::allocator_type&, _Up*, _Args&& ...) [with _Up = moveit::planning_interface::MoveGroupInterface; _Args = {std::shared_ptr<rclcpp::Node>&, const char (&)[4], rclcpp::NodeOptions&}; _Tp = moveit::planning_interface::MoveGroupInterface; std::allocator_traits<std::allocator<_Tp1> >::allocator_type = std::allocator<moveit::planning_interface::MoveGroupInterface>][m[K’
[4.652s] [01m[K/usr/include/c++/11/bits/shared_ptr_base.h:519:39:[m[K   required from ‘[01m[Kstd::_Sp_counted_ptr_inplace<_Tp, _Alloc, _Lp>::_Sp_counted_ptr_inplace(_Alloc, _Args&& ...) [with _Args = {std::shared_ptr<rclcpp::Node>&, const char (&)[4], rclcpp::NodeOptions&}; _Tp = moveit::planning_interface::MoveGroupInterface; _Alloc = std::allocator<moveit::planning_interface::MoveGroupInterface>; __gnu_cxx::_Lock_policy _Lp = __gnu_cxx::_S_atomic][m[K’
[4.652s] [01m[K/usr/include/c++/11/bits/shared_ptr_base.h:650:16:[m[K   required from ‘[01m[Kstd::__shared_count<_Lp>::__shared_count(_Tp*&, std::_Sp_alloc_shared_tag<_Alloc>, _Args&& ...) [with _Tp = moveit::planning_interface::MoveGroupInterface; _Alloc = std::allocator<moveit::planning_interface::MoveGroupInterface>; _Args = {std::shared_ptr<rclcpp::Node>&, const char (&)[4], rclcpp::NodeOptions&}; __gnu_cxx::_Lock_policy _Lp = __gnu_cxx::_S_atomic][m[K’
[4.652s] [01m[K/usr/include/c++/11/bits/shared_ptr_base.h:1342:14:[m[K   required from ‘[01m[Kstd::__shared_ptr<_Tp, _Lp>::__shared_ptr(std::_Sp_alloc_shared_tag<_Tp>, _Args&& ...) [with _Alloc = std::allocator<moveit::planning_interface::MoveGroupInterface>; _Args = {std::shared_ptr<rclcpp::Node>&, const char (&)[4], rclcpp::NodeOptions&}; _Tp = moveit::planning_interface::MoveGroupInterface; __gnu_cxx::_Lock_policy _Lp = __gnu_cxx::_S_atomic][m[K’
[4.652s] [01m[K/usr/include/c++/11/bits/shared_ptr.h:409:59:[m[K   required from ‘[01m[Kstd::shared_ptr<_Tp>::shared_ptr(std::_Sp_alloc_shared_tag<_Tp>, _Args&& ...) [with _Alloc = std::allocator<moveit::planning_interface::MoveGroupInterface>; _Args = {std::shared_ptr<rclcpp::Node>&, const char (&)[4], rclcpp::NodeOptions&}; _Tp = moveit::planning_interface::MoveGroupInterface][m[K’
[4.652s] [01m[K/usr/include/c++/11/bits/shared_ptr.h:862:14:[m[K   required from ‘[01m[Kstd::shared_ptr<_Tp> std::allocate_shared(const _Alloc&, _Args&& ...) [with _Tp = moveit::planning_interface::MoveGroupInterface; _Alloc = std::allocator<moveit::planning_interface::MoveGroupInterface>; _Args = {std::shared_ptr<rclcpp::Node>&, const char (&)[4], rclcpp::NodeOptions&}][m[K’
[4.652s] [01m[K/usr/include/c++/11/bits/shared_ptr.h:878:39:[m[K   required from ‘[01m[Kstd::shared_ptr<_Tp> std::make_shared(_Args&& ...) [with _Tp = moveit::planning_interface::MoveGroupInterface; _Args = {std::shared_ptr<rclcpp::Node>&, const char (&)[4], rclcpp::NodeOptions&}][m[K’
[4.652s] [01m[K/home/choigh/ws_cr_sf/src/cr_pjt/src/robot_interface.cpp:21:80:[m[K   required from here
[4.652s] [01m[K/usr/include/c++/11/ext/new_allocator.h:162:11:[m[K [01;31m[Kerror: [m[Kno matching function for call to ‘[01m[Kmoveit::planning_interface::MoveGroupInterface::MoveGroupInterface(std::shared_ptr<rclcpp::Node>&, const char [4], rclcpp::NodeOptions&)[m[K’
[4.652s]   162 |         { [01;31m[K::new((void *)__p) _Up(std::forward<_Args>(__args)...)[m[K; }
[4.652s]       |           [01;31m[K^~~~~~~~~~~~~~~~~~~~~~~~~~~~~~~~~~~~~~~~~~~~~~~~~~~~~~[m[K
[4.652s] In file included from [01m[K/home/choigh/ws_cr_sf/src/cr_pjt/include/cr_pjt/robot_interface.hpp:3[m[K,
[4.652s]                  from [01m[K/home/choigh/ws_cr_sf/src/cr_pjt/src/robot_interface.cpp:1[m[K:
[4.652s] [01m[K/home/choigh/moveit_ws/install/include/moveit/move_group_interface/move_group_interface.h:159:3:[m[K [01;36m[Knote: [m[Kcandidate: ‘[01m[Kmoveit::planning_interface::MoveGroupInterface::MoveGroupInterface(moveit::planning_interface::MoveGroupInterface&&)[m[K’
[4.652s]   159 |   [01;36m[KMoveGroupInterface[m[K(MoveGroupInterface&& other) noexcept;
[4.652s]       |   [01;36m[K^~~~~~~~~~~~~~~~~~[m[K
[4.652s] [01m[K/home/choigh/moveit_ws/install/include/moveit/move_group_interface/move_group_interface.h:159:3:[m[K [01;36m[Knote: [m[K  candidate expects 1 argument, 3 provided
[4.652s] [01m[K/home/choigh/moveit_ws/install/include/moveit/move_group_interface/move_group_interface.h:145:3:[m[K [01;36m[Knote: [m[Kcandidate: ‘[01m[Kmoveit::planning_interface::MoveGroupInterface::MoveGroupInterface(const SharedPtr&, const string&, const std::shared_ptr<tf2_ros::Buffer>&, const rclcpp::Duration&)[m[K’
[4.652s]   145 |   [01;36m[KMoveGroupInterface[m[K(const rclcpp::Node::SharedPtr& node, const std::string& group,
[4.652s]       |   [01;36m[K^~~~~~~~~~~~~~~~~~[m[K
[4.652s] [01m[K/home/choigh/moveit_ws/install/include/moveit/move_group_interface/move_group_interface.h:146:62:[m[K [01;36m[Knote: [m[K  no known conversion for argument 3 from ‘[01m[Krclcpp::NodeOptions[m[K’ to ‘[01m[Kconst std::shared_ptr<tf2_ros::Buffer>&[m[K’
[4.652s]   146 |          [01;36m[Kconst std::shared_ptr<tf2_ros::Buffer>& tf_buffer = std::shared_ptr<tf2_ros::Buffer>()[m[K,
[4.652s]       |          [01;36m[K~~~~~~~~~~~~~~~~~~~~~~~~~~~~~~~~~~~~~~~~^~~~~~~~~~~~~~~~~~~~~~~~~~~~~~~~~~~~~~~~~~~~~~[m[K
[4.652s] 
[4.652s] [01m[K/home/choigh/moveit_ws/install/include/moveit/move_group_interface/move_group_interface.h:134:3:[m[K [01;36m[Knote: [m[Kcandidate: ‘[01m[Kmoveit::planning_interface::MoveGroupInterface::MoveGroupInterface(const SharedPtr&, const moveit::planning_interface::MoveGroupInterface::Options&, const std::shared_ptr<tf2_ros::Buffer>&, const rclcpp::Duration&)[m[K’
[4.652s]   134 |   [01;36m[KMoveGroupInterface[m[K(const rclcpp::Node::SharedPtr& node, const Options& opt,
[4.652s]       |   [01;36m[K^~~~~~~~~~~~~~~~~~[m[K
[4.652s] [01m[K/home/choigh/moveit_ws/install/include/moveit/move_group_interface/move_group_interface.h:134:74:[m[K [01;36m[Knote: [m[K  no known conversion for argument 2 from ‘[01m[Kconst char [4][m[K’ to ‘[01m[Kconst moveit::planning_interface::MoveGroupInterface::Options&[m[K’
[4.652s]   134 | ace(const rclcpp::Node::SharedPtr& node, [01;36m[Kconst Options& opt[m[K,
[4.652s]       |                                          [01;36m[K~~~~~~~~~~~~~~~^~~[m[K
[4.652s] 
[4.652s] In file included from [01m[K/usr/include/x86_64-linux-gnu/c++/11/bits/c++allocator.h:33[m[K,
[4.652s]                  from [01m[K/usr/include/c++/11/bits/allocator.h:46[m[K,
[4.652s]                  from [01m[K/usr/include/c++/11/memory:64[m[K,
[4.653s]                  from [01m[K/opt/ros/humble/include/rclcpp/rclcpp/rclcpp.hpp:153[m[K,
[4.653s]                  from [01m[K/home/choigh/ws_cr_sf/src/cr_pjt/include/cr_pjt/robot_interface.hpp:2[m[K,
[4.653s]                  from [01m[K/home/choigh/ws_cr_sf/src/cr_pjt/src/robot_interface.cpp:1[m[K:
[4.653s] /usr/include/c++/11/ext/new_allocator.h: In instantiation of ‘[01m[Kvoid __gnu_cxx::new_allocator<_Tp>::construct(_Up*, _Args&& ...) [with _Up = moveit::planning_interface::MoveGroupInterface; _Args = {std::shared_ptr<rclcpp::Node>&, const char (&)[8], rclcpp::NodeOptions&}; _Tp = moveit::planning_interface::MoveGroupInterface][m[K’:
[4.653s] [01m[K/usr/include/c++/11/bits/alloc_traits.h:516:17:[m[K   required from ‘[01m[Kstatic void std::allocator_traits<std::allocator<_Tp1> >::construct(std::allocator_traits<std::allocator<_Tp1> >::allocator_type&, _Up*, _Args&& ...) [with _Up = moveit::planning_interface::MoveGroupInterface; _Args = {std::shared_ptr<rclcpp::Node>&, const char (&)[8], rclcpp::NodeOptions&}; _Tp = moveit::planning_interface::MoveGroupInterface; std::allocator_traits<std::allocator<_Tp1> >::allocator_type = std::allocator<moveit::planning_interface::MoveGroupInterface>][m[K’
[4.653s] [01m[K/usr/include/c++/11/bits/shared_ptr_base.h:519:39:[m[K   required from ‘[01m[Kstd::_Sp_counted_ptr_inplace<_Tp, _Alloc, _Lp>::_Sp_counted_ptr_inplace(_Alloc, _Args&& ...) [with _Args = {std::shared_ptr<rclcpp::Node>&, const char (&)[8], rclcpp::NodeOptions&}; _Tp = moveit::planning_interface::MoveGroupInterface; _Alloc = std::allocator<moveit::planning_interface::MoveGroupInterface>; __gnu_cxx::_Lock_policy _Lp = __gnu_cxx::_S_atomic][m[K’
[4.653s] [01m[K/usr/include/c++/11/bits/shared_ptr_base.h:650:16:[m[K   required from ‘[01m[Kstd::__shared_count<_Lp>::__shared_count(_Tp*&, std::_Sp_alloc_shared_tag<_Alloc>, _Args&& ...) [with _Tp = moveit::planning_interface::MoveGroupInterface; _Alloc = std::allocator<moveit::planning_interface::MoveGroupInterface>; _Args = {std::shared_ptr<rclcpp::Node>&, const char (&)[8], rclcpp::NodeOptions&}; __gnu_cxx::_Lock_policy _Lp = __gnu_cxx::_S_atomic][m[K’
[4.653s] [01m[K/usr/include/c++/11/bits/shared_ptr_base.h:1342:14:[m[K   required from ‘[01m[Kstd::__shared_ptr<_Tp, _Lp>::__shared_ptr(std::_Sp_alloc_shared_tag<_Tp>, _Args&& ...) [with _Alloc = std::allocator<moveit::planning_interface::MoveGroupInterface>; _Args = {std::shared_ptr<rclcpp::Node>&, const char (&)[8], rclcpp::NodeOptions&}; _Tp = moveit::planning_interface::MoveGroupInterface; __gnu_cxx::_Lock_policy _Lp = __gnu_cxx::_S_atomic][m[K’
[4.653s] [01m[K/usr/include/c++/11/bits/shared_ptr.h:409:59:[m[K   required from ‘[01m[Kstd::shared_ptr<_Tp>::shared_ptr(std::_Sp_alloc_shared_tag<_Tp>, _Args&& ...) [with _Alloc = std::allocator<moveit::planning_interface::MoveGroupInterface>; _Args = {std::shared_ptr<rclcpp::Node>&, const char (&)[8], rclcpp::NodeOptions&}; _Tp = moveit::planning_interface::MoveGroupInterface][m[K’
[4.653s] [01m[K/usr/include/c++/11/bits/shared_ptr.h:862:14:[m[K   required from ‘[01m[Kstd::shared_ptr<_Tp> std::allocate_shared(const _Alloc&, _Args&& ...) [with _Tp = moveit::planning_interface::MoveGroupInterface; _Alloc = std::allocator<moveit::planning_interface::MoveGroupInterface>; _Args = {std::shared_ptr<rclcpp::Node>&, const char (&)[8], rclcpp::NodeOptions&}][m[K’
[4.653s] [01m[K/usr/include/c++/11/bits/shared_ptr.h:878:39:[m[K   required from ‘[01m[Kstd::shared_ptr<_Tp> std::make_shared(_Args&& ...) [with _Tp = moveit::planning_interface::MoveGroupInterface; _Args = {std::shared_ptr<rclcpp::Node>&, const char (&)[8], rclcpp::NodeOptions&}][m[K’
[4.653s] [01m[K/home/choigh/ws_cr_sf/src/cr_pjt/src/robot_interface.cpp:23:84:[m[K   required from here
[4.653s] [01m[K/usr/include/c++/11/ext/new_allocator.h:162:11:[m[K [01;31m[Kerror: [m[Kno matching function for call to ‘[01m[Kmoveit::planning_interface::MoveGroupInterface::MoveGroupInterface(std::shared_ptr<rclcpp::Node>&, const char [8], rclcpp::NodeOptions&)[m[K’
[4.653s]   162 |         { [01;31m[K::new((void *)__p) _Up(std::forward<_Args>(__args)...)[m[K; }
[4.653s]       |           [01;31m[K^~~~~~~~~~~~~~~~~~~~~~~~~~~~~~~~~~~~~~~~~~~~~~~~~~~~~~[m[K
[4.653s] In file included from [01m[K/home/choigh/ws_cr_sf/src/cr_pjt/include/cr_pjt/robot_interface.hpp:3[m[K,
[4.653s]                  from [01m[K/home/choigh/ws_cr_sf/src/cr_pjt/src/robot_interface.cpp:1[m[K:
[4.653s] [01m[K/home/choigh/moveit_ws/install/include/moveit/move_group_interface/move_group_interface.h:159:3:[m[K [01;36m[Knote: [m[Kcandidate: ‘[01m[Kmoveit::planning_interface::MoveGroupInterface::MoveGroupInterface(moveit::planning_interface::MoveGroupInterface&&)[m[K’
[4.653s]   159 |   [01;36m[KMoveGroupInterface[m[K(MoveGroupInterface&& other) noexcept;
[4.653s]       |   [01;36m[K^~~~~~~~~~~~~~~~~~[m[K
[4.653s] [01m[K/home/choigh/moveit_ws/install/include/moveit/move_group_interface/move_group_interface.h:159:3:[m[K [01;36m[Knote: [m[K  candidate expects 1 argument, 3 provided
[4.653s] [01m[K/home/choigh/moveit_ws/install/include/moveit/move_group_interface/move_group_interface.h:145:3:[m[K [01;36m[Knote: [m[Kcandidate: ‘[01m[Kmoveit::planning_interface::MoveGroupInterface::MoveGroupInterface(const SharedPtr&, const string&, const std::shared_ptr<tf2_ros::Buffer>&, const rclcpp::Duration&)[m[K’
[4.653s]   145 |   [01;36m[KMoveGroupInterface[m[K(const rclcpp::Node::SharedPtr& node, const std::string& group,
[4.653s]       |   [01;36m[K^~~~~~~~~~~~~~~~~~[m[K
[4.653s] [01m[K/home/choigh/moveit_ws/install/include/moveit/move_group_interface/move_group_interface.h:146:62:[m[K [01;36m[Knote: [m[K  no known conversion for argument 3 from ‘[01m[Krclcpp::NodeOptions[m[K’ to ‘[01m[Kconst std::shared_ptr<tf2_ros::Buffer>&[m[K’
[4.653s]   146 |          [01;36m[Kconst std::shared_ptr<tf2_ros::Buffer>& tf_buffer = std::shared_ptr<tf2_ros::Buffer>()[m[K,
[4.653s]       |          [01;36m[K~~~~~~~~~~~~~~~~~~~~~~~~~~~~~~~~~~~~~~~~^~~~~~~~~~~~~~~~~~~~~~~~~~~~~~~~~~~~~~~~~~~~~~[m[K
[4.653s] 
[4.653s] [01m[K/home/choigh/moveit_ws/install/include/moveit/move_group_interface/move_group_interface.h:134:3:[m[K [01;36m[Knote: [m[Kcandidate: ‘[01m[Kmoveit::planning_interface::MoveGroupInterface::MoveGroupInterface(const SharedPtr&, const moveit::planning_interface::MoveGroupInterface::Options&, const std::shared_ptr<tf2_ros::Buffer>&, const rclcpp::Duration&)[m[K’
[4.653s]   134 |   [01;36m[KMoveGroupInterface[m[K(const rclcpp::Node::SharedPtr& node, const Options& opt,
[4.653s]       |   [01;36m[K^~~~~~~~~~~~~~~~~~[m[K
[4.653s] [01m[K/home/choigh/moveit_ws/install/include/moveit/move_group_interface/move_group_interface.h:134:74:[m[K [01;36m[Knote: [m[K  no known conversion for argument 2 from ‘[01m[Kconst char [8][m[K’ to ‘[01m[Kconst moveit::planning_interface::MoveGroupInterface::Options&[m[K’
[4.653s]   134 | ace(const rclcpp::Node::SharedPtr& node, [01;36m[Kconst Options& opt[m[K,
[4.653s]       |                                          [01;36m[K~~~~~~~~~~~~~~~^~~[m[K
[4.653s] 
[5.380s] gmake[2]: *** [CMakeFiles/robot_interface.dir/build.make:76: CMakeFiles/robot_interface.dir/src/robot_interface.cpp.o] Error 1
[5.380s] gmake[1]: *** [CMakeFiles/Makefile2:139: CMakeFiles/robot_interface.dir/all] Error 2
[5.380s] gmake: *** [Makefile:146: all] Error 2
[5.382s] Invoked command in '/home/choigh/ws_cr_sf/build/cr_pjt' returned '2': CMAKE_PREFIX_PATH=${CMAKE_PREFIX_PATH}:/opt/ros/humble /usr/bin/cmake --build /home/choigh/ws_cr_sf/build/cr_pjt -- -j20 -l20
