[0.009s] Invoking command in '/home/choigh/ws_cr_sf/build/cr_pjt': CMAKE_PREFIX_PATH=${CMAKE_PREFIX_PATH}:/opt/ros/humble /usr/bin/cmake --build /home/choigh/ws_cr_sf/build/cr_pjt -- -j20 -l20
[0.038s] [35m[1mConsolidate compiler generated dependencies of target robot_interface[0m
[0.055s] [ 50%] Built target robot_interface
[0.066s] [35m[1mConsolidate compiler generated dependencies of target robot_interface_test[0m
[0.080s] [ 75%] [32mBuilding CXX object CMakeFiles/robot_interface_test.dir/src/robot_interface_test.cpp.o[0m
[3.914s] [100%] [32m[1mLinking CXX executable robot_interface_test[0m
[4.163s] [100%] Built target robot_interface_test
[4.169s] Invoked command in '/home/choigh/ws_cr_sf/build/cr_pjt' returned '0': CMAKE_PREFIX_PATH=${CMAKE_PREFIX_PATH}:/opt/ros/humble /usr/bin/cmake --build /home/choigh/ws_cr_sf/build/cr_pjt -- -j20 -l20
[4.175s] Invoking command in '/home/choigh/ws_cr_sf/build/cr_pjt': CMAKE_PREFIX_PATH=${CMAKE_PREFIX_PATH}:/opt/ros/humble /usr/bin/cmake --install /home/choigh/ws_cr_sf/build/cr_pjt
[4.179s] -- Install configuration: ""
[4.180s] -- Execute custom install script
[4.180s] -- Up-to-date symlink: /home/choigh/ws_cr_sf/install/cr_pjt/lib/cr_pjt/librobot_interface.a
[4.180s] -- Up-to-date symlink: /home/choigh/ws_cr_sf/install/cr_pjt/lib/cr_pjt/robot_interface_test
[4.180s] -- Up-to-date symlink: /home/choigh/ws_cr_sf/install/cr_pjt/share/ament_index/resource_index/package_run_dependencies/cr_pjt
[4.180s] -- Up-to-date symlink: /home/choigh/ws_cr_sf/install/cr_pjt/share/ament_index/resource_index/parent_prefix_path/cr_pjt
[4.180s] -- Up-to-date symlink: /home/choigh/ws_cr_sf/install/cr_pjt/share/cr_pjt/environment/ament_prefix_path.sh
[4.180s] -- Up-to-date symlink: /home/choigh/ws_cr_sf/install/cr_pjt/share/cr_pjt/environment/ament_prefix_path.dsv
[4.180s] -- Up-to-date symlink: /home/choigh/ws_cr_sf/install/cr_pjt/share/cr_pjt/environment/path.sh
[4.180s] -- Up-to-date symlink: /home/choigh/ws_cr_sf/install/cr_pjt/share/cr_pjt/environment/path.dsv
[4.181s] -- Up-to-date symlink: /home/choigh/ws_cr_sf/install/cr_pjt/share/cr_pjt/local_setup.bash
[4.181s] -- Up-to-date symlink: /home/choigh/ws_cr_sf/install/cr_pjt/share/cr_pjt/local_setup.sh
[4.181s] -- Up-to-date symlink: /home/choigh/ws_cr_sf/install/cr_pjt/share/cr_pjt/local_setup.zsh
[4.181s] -- Up-to-date symlink: /home/choigh/ws_cr_sf/install/cr_pjt/share/cr_pjt/local_setup.dsv
[4.181s] -- Symlinking: /home/choigh/ws_cr_sf/install/cr_pjt/share/cr_pjt/package.dsv
[4.186s] -- Up-to-date symlink: /home/choigh/ws_cr_sf/install/cr_pjt/share/ament_index/resource_index/packages/cr_pjt
[4.186s] -- Up-to-date symlink: /home/choigh/ws_cr_sf/install/cr_pjt/share/cr_pjt/cmake/ament_cmake_export_include_directories-extras.cmake
[4.186s] -- Up-to-date symlink: /home/choigh/ws_cr_sf/install/cr_pjt/share/cr_pjt/cmake/cr_pjtConfig.cmake
[4.186s] -- Up-to-date symlink: /home/choigh/ws_cr_sf/install/cr_pjt/share/cr_pjt/cmake/cr_pjtConfig-version.cmake
[4.186s] -- Up-to-date symlink: /home/choigh/ws_cr_sf/install/cr_pjt/share/cr_pjt/package.xml
[4.187s] Invoked command in '/home/choigh/ws_cr_sf/build/cr_pjt' returned '0': CMAKE_PREFIX_PATH=${CMAKE_PREFIX_PATH}:/opt/ros/humble /usr/bin/cmake --install /home/choigh/ws_cr_sf/build/cr_pjt
