[0.092s] DEBUG:colcon:Command line arguments: ['/usr/bin/colcon', 'build', '--packages-select', 'cr_pjt', '--symlink-install']
[0.092s] DEBUG:colcon:Parsed command line arguments: Namespace(log_base=None, log_level=None, verb_name='build', build_base='build', install_base='install', merge_install=False, symlink_install=True, test_result_base=None, continue_on_error=False, executor='parallel', parallel_workers=20, event_handlers=None, ignore_user_meta=False, metas=['./colcon.meta'], base_paths=['.'], packages_ignore=None, packages_ignore_regex=None, paths=None, packages_up_to=None, packages_up_to_regex=None, packages_above=None, packages_above_and_dependencies=None, packages_above_depth=None, packages_select_by_dep=None, packages_skip_by_dep=None, packages_skip_up_to=None, packages_select_build_failed=False, packages_skip_build_finished=False, packages_select_test_failures=False, packages_skip_test_passed=False, packages_select=['cr_pjt'], packages_skip=None, packages_select_regex=None, packages_skip_regex=None, packages_start=None, packages_end=None, allow_overriding=[], cmake_args=None, cmake_target=None, cmake_target_skip_unavailable=False, cmake_clean_cache=False, cmake_clean_first=False, cmake_force_configure=False, ament_cmake_args=None, catkin_cmake_args=None, catkin_skip_building_tests=False, mixin_files=None, mixin=None, verb_parser=<colcon_mixin.mixin.mixin_argument.MixinArgumentDecorator object at 0x7f0535a4f670>, verb_extension=<colcon_core.verb.build.BuildVerb object at 0x7f0535ba0430>, main=<bound method BuildVerb.main of <colcon_core.verb.build.BuildVerb object at 0x7f0535ba0430>>, mixin_verb=('build',))
[0.227s] Level 1:colcon.colcon_core.package_discovery:discover_packages(colcon_meta) check parameters
[0.227s] Level 1:colcon.colcon_core.package_discovery:discover_packages(recursive) check parameters
[0.227s] Level 1:colcon.colcon_core.package_discovery:discover_packages(ignore) check parameters
[0.227s] Level 1:colcon.colcon_core.package_discovery:discover_packages(path) check parameters
[0.227s] Level 1:colcon.colcon_core.package_discovery:discover_packages(colcon_meta) discover
[0.227s] Level 1:colcon.colcon_core.package_discovery:discover_packages(recursive) discover
[0.227s] INFO:colcon.colcon_core.package_discovery:Crawling recursively for packages in '/home/choigh/ws_cr_sf'
[0.227s] Level 1:colcon.colcon_core.package_identification:_identify(.) by extensions ['ignore', 'ignore_ament_install']
[0.228s] Level 1:colcon.colcon_core.package_identification:_identify(.) by extension 'ignore'
[0.228s] Level 1:colcon.colcon_core.package_identification:_identify(.) by extension 'ignore_ament_install'
[0.228s] Level 1:colcon.colcon_core.package_identification:_identify(.) by extensions ['colcon_pkg']
[0.228s] Level 1:colcon.colcon_core.package_identification:_identify(.) by extension 'colcon_pkg'
[0.228s] Level 1:colcon.colcon_core.package_identification:_identify(.) by extensions ['colcon_meta']
[0.228s] Level 1:colcon.colcon_core.package_identification:_identify(.) by extension 'colcon_meta'
[0.228s] Level 1:colcon.colcon_core.package_identification:_identify(.) by extensions ['ros']
[0.228s] Level 1:colcon.colcon_core.package_identification:_identify(.) by extension 'ros'
[0.233s] Level 1:colcon.colcon_core.package_identification:_identify(.) by extensions ['cmake', 'python']
[0.233s] Level 1:colcon.colcon_core.package_identification:_identify(.) by extension 'cmake'
[0.233s] Level 1:colcon.colcon_core.package_identification:_identify(.) by extension 'python'
[0.233s] Level 1:colcon.colcon_core.package_identification:_identify(.) by extensions ['python_setup_py']
[0.233s] Level 1:colcon.colcon_core.package_identification:_identify(.) by extension 'python_setup_py'
[0.233s] Level 1:colcon.colcon_core.package_identification:_identify(build) by extensions ['ignore', 'ignore_ament_install']
[0.234s] Level 1:colcon.colcon_core.package_identification:_identify(build) by extension 'ignore'
[0.234s] Level 1:colcon.colcon_core.package_identification:_identify(build) ignored
[0.234s] Level 1:colcon.colcon_core.package_identification:_identify(install) by extensions ['ignore', 'ignore_ament_install']
[0.234s] Level 1:colcon.colcon_core.package_identification:_identify(install) by extension 'ignore'
[0.234s] Level 1:colcon.colcon_core.package_identification:_identify(install) ignored
[0.234s] Level 1:colcon.colcon_core.package_identification:_identify(log) by extensions ['ignore', 'ignore_ament_install']
[0.234s] Level 1:colcon.colcon_core.package_identification:_identify(log) by extension 'ignore'
[0.234s] Level 1:colcon.colcon_core.package_identification:_identify(log) ignored
[0.234s] Level 1:colcon.colcon_core.package_identification:_identify(src) by extensions ['ignore', 'ignore_ament_install']
[0.234s] Level 1:colcon.colcon_core.package_identification:_identify(src) by extension 'ignore'
[0.234s] Level 1:colcon.colcon_core.package_identification:_identify(src) by extension 'ignore_ament_install'
[0.234s] Level 1:colcon.colcon_core.package_identification:_identify(src) by extensions ['colcon_pkg']
[0.234s] Level 1:colcon.colcon_core.package_identification:_identify(src) by extension 'colcon_pkg'
[0.234s] Level 1:colcon.colcon_core.package_identification:_identify(src) by extensions ['colcon_meta']
[0.234s] Level 1:colcon.colcon_core.package_identification:_identify(src) by extension 'colcon_meta'
[0.234s] Level 1:colcon.colcon_core.package_identification:_identify(src) by extensions ['ros']
[0.234s] Level 1:colcon.colcon_core.package_identification:_identify(src) by extension 'ros'
[0.234s] Level 1:colcon.colcon_core.package_identification:_identify(src) by extensions ['cmake', 'python']
[0.234s] Level 1:colcon.colcon_core.package_identification:_identify(src) by extension 'cmake'
[0.234s] Level 1:colcon.colcon_core.package_identification:_identify(src) by extension 'python'
[0.234s] Level 1:colcon.colcon_core.package_identification:_identify(src) by extensions ['python_setup_py']
[0.234s] Level 1:colcon.colcon_core.package_identification:_identify(src) by extension 'python_setup_py'
[0.234s] Level 1:colcon.colcon_core.package_identification:_identify(src/cr_pjt) by extensions ['ignore', 'ignore_ament_install']
[0.234s] Level 1:colcon.colcon_core.package_identification:_identify(src/cr_pjt) by extension 'ignore'
[0.234s] Level 1:colcon.colcon_core.package_identification:_identify(src/cr_pjt) by extension 'ignore_ament_install'
[0.234s] Level 1:colcon.colcon_core.package_identification:_identify(src/cr_pjt) by extensions ['colcon_pkg']
[0.234s] Level 1:colcon.colcon_core.package_identification:_identify(src/cr_pjt) by extension 'colcon_pkg'
[0.234s] Level 1:colcon.colcon_core.package_identification:_identify(src/cr_pjt) by extensions ['colcon_meta']
[0.234s] Level 1:colcon.colcon_core.package_identification:_identify(src/cr_pjt) by extension 'colcon_meta'
[0.234s] Level 1:colcon.colcon_core.package_identification:_identify(src/cr_pjt) by extensions ['ros']
[0.234s] Level 1:colcon.colcon_core.package_identification:_identify(src/cr_pjt) by extension 'ros'
[0.236s] DEBUG:colcon.colcon_core.package_identification:Package 'src/cr_pjt' with type 'ros.ament_cmake' and name 'cr_pjt'
[0.236s] Level 1:colcon.colcon_core.package_identification:_identify(src/cr_sr_ui) by extensions ['ignore', 'ignore_ament_install']
[0.236s] Level 1:colcon.colcon_core.package_identification:_identify(src/cr_sr_ui) by extension 'ignore'
[0.236s] Level 1:colcon.colcon_core.package_identification:_identify(src/cr_sr_ui) by extension 'ignore_ament_install'
[0.236s] Level 1:colcon.colcon_core.package_identification:_identify(src/cr_sr_ui) by extensions ['colcon_pkg']
[0.236s] Level 1:colcon.colcon_core.package_identification:_identify(src/cr_sr_ui) by extension 'colcon_pkg'
[0.236s] Level 1:colcon.colcon_core.package_identification:_identify(src/cr_sr_ui) by extensions ['colcon_meta']
[0.236s] Level 1:colcon.colcon_core.package_identification:_identify(src/cr_sr_ui) by extension 'colcon_meta'
[0.236s] Level 1:colcon.colcon_core.package_identification:_identify(src/cr_sr_ui) by extensions ['ros']
[0.236s] Level 1:colcon.colcon_core.package_identification:_identify(src/cr_sr_ui) by extension 'ros'
[0.236s] Level 1:colcon.colcon_core.package_identification:_identify(src/cr_sr_ui) by extensions ['cmake', 'python']
[0.236s] Level 1:colcon.colcon_core.package_identification:_identify(src/cr_sr_ui) by extension 'cmake'
[0.236s] Level 1:colcon.colcon_core.package_identification:_identify(src/cr_sr_ui) by extension 'python'
[0.236s] Level 1:colcon.colcon_core.package_identification:_identify(src/cr_sr_ui) by extensions ['python_setup_py']
[0.236s] Level 1:colcon.colcon_core.package_identification:_identify(src/cr_sr_ui) by extension 'python_setup_py'
[0.236s] Level 1:colcon.colcon_core.package_identification:_identify(src/crsr_simulation) by extensions ['ignore', 'ignore_ament_install']
[0.236s] Level 1:colcon.colcon_core.package_identification:_identify(src/crsr_simulation) by extension 'ignore'
[0.236s] Level 1:colcon.colcon_core.package_identification:_identify(src/crsr_simulation) by extension 'ignore_ament_install'
[0.236s] Level 1:colcon.colcon_core.package_identification:_identify(src/crsr_simulation) by extensions ['colcon_pkg']
[0.236s] Level 1:colcon.colcon_core.package_identification:_identify(src/crsr_simulation) by extension 'colcon_pkg'
[0.236s] Level 1:colcon.colcon_core.package_identification:_identify(src/crsr_simulation) by extensions ['colcon_meta']
[0.236s] Level 1:colcon.colcon_core.package_identification:_identify(src/crsr_simulation) by extension 'colcon_meta'
[0.236s] Level 1:colcon.colcon_core.package_identification:_identify(src/crsr_simulation) by extensions ['ros']
[0.236s] Level 1:colcon.colcon_core.package_identification:_identify(src/crsr_simulation) by extension 'ros'
[0.236s] Level 1:colcon.colcon_core.package_identification:_identify(src/crsr_simulation) by extensions ['cmake', 'python']
[0.236s] Level 1:colcon.colcon_core.package_identification:_identify(src/crsr_simulation) by extension 'cmake'
[0.236s] Level 1:colcon.colcon_core.package_identification:_identify(src/crsr_simulation) by extension 'python'
[0.236s] Level 1:colcon.colcon_core.package_identification:_identify(src/crsr_simulation) by extensions ['python_setup_py']
[0.236s] Level 1:colcon.colcon_core.package_identification:_identify(src/crsr_simulation) by extension 'python_setup_py'
[0.236s] Level 1:colcon.colcon_core.package_identification:_identify(src/crsr_tests) by extensions ['ignore', 'ignore_ament_install']
[0.236s] Level 1:colcon.colcon_core.package_identification:_identify(src/crsr_tests) by extension 'ignore'
[0.236s] Level 1:colcon.colcon_core.package_identification:_identify(src/crsr_tests) by extension 'ignore_ament_install'
[0.236s] Level 1:colcon.colcon_core.package_identification:_identify(src/crsr_tests) by extensions ['colcon_pkg']
[0.236s] Level 1:colcon.colcon_core.package_identification:_identify(src/crsr_tests) by extension 'colcon_pkg'
[0.236s] Level 1:colcon.colcon_core.package_identification:_identify(src/crsr_tests) by extensions ['colcon_meta']
[0.236s] Level 1:colcon.colcon_core.package_identification:_identify(src/crsr_tests) by extension 'colcon_meta'
[0.237s] Level 1:colcon.colcon_core.package_identification:_identify(src/crsr_tests) by extensions ['ros']
[0.237s] Level 1:colcon.colcon_core.package_identification:_identify(src/crsr_tests) by extension 'ros'
[0.237s] Level 1:colcon.colcon_core.package_identification:_identify(src/crsr_tests) by extensions ['cmake', 'python']
[0.237s] Level 1:colcon.colcon_core.package_identification:_identify(src/crsr_tests) by extension 'cmake'
[0.237s] Level 1:colcon.colcon_core.package_identification:_identify(src/crsr_tests) by extension 'python'
[0.237s] Level 1:colcon.colcon_core.package_identification:_identify(src/crsr_tests) by extensions ['python_setup_py']
[0.237s] Level 1:colcon.colcon_core.package_identification:_identify(src/crsr_tests) by extension 'python_setup_py'
[0.237s] Level 1:colcon.colcon_core.package_identification:_identify(src/sf_pjt) by extensions ['ignore', 'ignore_ament_install']
[0.237s] Level 1:colcon.colcon_core.package_identification:_identify(src/sf_pjt) by extension 'ignore'
[0.237s] Level 1:colcon.colcon_core.package_identification:_identify(src/sf_pjt) by extension 'ignore_ament_install'
[0.237s] Level 1:colcon.colcon_core.package_identification:_identify(src/sf_pjt) by extensions ['colcon_pkg']
[0.237s] Level 1:colcon.colcon_core.package_identification:_identify(src/sf_pjt) by extension 'colcon_pkg'
[0.237s] Level 1:colcon.colcon_core.package_identification:_identify(src/sf_pjt) by extensions ['colcon_meta']
[0.237s] Level 1:colcon.colcon_core.package_identification:_identify(src/sf_pjt) by extension 'colcon_meta'
[0.237s] Level 1:colcon.colcon_core.package_identification:_identify(src/sf_pjt) by extensions ['ros']
[0.237s] Level 1:colcon.colcon_core.package_identification:_identify(src/sf_pjt) by extension 'ros'
[0.237s] Level 1:colcon.colcon_core.package_identification:_identify(src/sf_pjt) by extensions ['cmake', 'python']
[0.237s] Level 1:colcon.colcon_core.package_identification:_identify(src/sf_pjt) by extension 'cmake'
[0.237s] Level 1:colcon.colcon_core.package_identification:_identify(src/sf_pjt) by extension 'python'
[0.237s] Level 1:colcon.colcon_core.package_identification:_identify(src/sf_pjt) by extensions ['python_setup_py']
[0.237s] Level 1:colcon.colcon_core.package_identification:_identify(src/sf_pjt) by extension 'python_setup_py'
[0.237s] Level 1:colcon.colcon_core.package_discovery:discover_packages(recursive) using defaults
[0.237s] Level 1:colcon.colcon_core.package_discovery:discover_packages(ignore) discover
[0.237s] Level 1:colcon.colcon_core.package_discovery:discover_packages(ignore) using defaults
[0.237s] Level 1:colcon.colcon_core.package_discovery:discover_packages(path) discover
[0.237s] Level 1:colcon.colcon_core.package_discovery:discover_packages(path) using defaults
[0.257s] Level 1:colcon.colcon_core.package_discovery:discover_packages(prefix_path) check parameters
[0.257s] Level 1:colcon.colcon_core.package_discovery:discover_packages(prefix_path) discover
[0.259s] DEBUG:colcon.colcon_installed_package_information.package_discovery:Found 1 installed packages in /home/choigh/ws_cr_sf/install
[0.259s] DEBUG:colcon.colcon_installed_package_information.package_discovery:Found 13 installed packages in /home/choigh/manipul_ws/install
[0.260s] DEBUG:colcon.colcon_installed_package_information.package_discovery:Found 45 installed packages in /home/choigh/moveit_ws/install
[0.261s] DEBUG:colcon.colcon_installed_package_information.package_discovery:Found 426 installed packages in /opt/ros/humble
[0.262s] Level 1:colcon.colcon_core.package_discovery:discover_packages(prefix_path) using defaults
[0.295s] Level 5:colcon.colcon_core.verb:set package 'cr_pjt' build argument 'cmake_args' from command line to 'None'
[0.295s] Level 5:colcon.colcon_core.verb:set package 'cr_pjt' build argument 'cmake_target' from command line to 'None'
[0.295s] Level 5:colcon.colcon_core.verb:set package 'cr_pjt' build argument 'cmake_target_skip_unavailable' from command line to 'False'
[0.295s] Level 5:colcon.colcon_core.verb:set package 'cr_pjt' build argument 'cmake_clean_cache' from command line to 'False'
[0.295s] Level 5:colcon.colcon_core.verb:set package 'cr_pjt' build argument 'cmake_clean_first' from command line to 'False'
[0.295s] Level 5:colcon.colcon_core.verb:set package 'cr_pjt' build argument 'cmake_force_configure' from command line to 'False'
[0.295s] Level 5:colcon.colcon_core.verb:set package 'cr_pjt' build argument 'ament_cmake_args' from command line to 'None'
[0.295s] Level 5:colcon.colcon_core.verb:set package 'cr_pjt' build argument 'catkin_cmake_args' from command line to 'None'
[0.295s] Level 5:colcon.colcon_core.verb:set package 'cr_pjt' build argument 'catkin_skip_building_tests' from command line to 'False'
[0.295s] DEBUG:colcon.colcon_core.verb:Building package 'cr_pjt' with the following arguments: {'ament_cmake_args': None, 'build_base': '/home/choigh/ws_cr_sf/build/cr_pjt', 'catkin_cmake_args': None, 'catkin_skip_building_tests': False, 'cmake_args': None, 'cmake_clean_cache': False, 'cmake_clean_first': False, 'cmake_force_configure': False, 'cmake_target': None, 'cmake_target_skip_unavailable': False, 'install_base': '/home/choigh/ws_cr_sf/install/cr_pjt', 'merge_install': False, 'path': '/home/choigh/ws_cr_sf/src/cr_pjt', 'symlink_install': True, 'test_result_base': None}
[0.296s] INFO:colcon.colcon_core.executor:Executing jobs using 'parallel' executor
[0.296s] DEBUG:colcon.colcon_parallel_executor.executor.parallel:run_until_complete
[0.296s] INFO:colcon.colcon_ros.task.ament_cmake.build:Building ROS package in '/home/choigh/ws_cr_sf/src/cr_pjt' with build type 'ament_cmake'
[0.296s] INFO:colcon.colcon_cmake.task.cmake.build:Building CMake package in '/home/choigh/ws_cr_sf/src/cr_pjt'
[0.299s] INFO:colcon.colcon_core.plugin_system:Skipping extension 'colcon_core.shell.bat': Not used on non-Windows systems
[0.299s] INFO:colcon.colcon_core.shell:Skip shell extension 'powershell' for command environment: Not usable outside of PowerShell
[0.299s] DEBUG:colcon.colcon_core.shell:Skip shell extension 'dsv' for command environment
[0.306s] DEBUG:colcon.colcon_core.event_handler.log_command:Invoking command in '/home/choigh/ws_cr_sf/build/cr_pjt': CMAKE_PREFIX_PATH=${CMAKE_PREFIX_PATH}:/opt/ros/humble /usr/bin/cmake --build /home/choigh/ws_cr_sf/build/cr_pjt -- -j20 -l20
[4.466s] DEBUG:colcon.colcon_core.event_handler.log_command:Invoked command in '/home/choigh/ws_cr_sf/build/cr_pjt' returned '0': CMAKE_PREFIX_PATH=${CMAKE_PREFIX_PATH}:/opt/ros/humble /usr/bin/cmake --build /home/choigh/ws_cr_sf/build/cr_pjt -- -j20 -l20
[4.472s] DEBUG:colcon.colcon_core.event_handler.log_command:Invoking command in '/home/choigh/ws_cr_sf/build/cr_pjt': CMAKE_PREFIX_PATH=${CMAKE_PREFIX_PATH}:/opt/ros/humble /usr/bin/cmake --install /home/choigh/ws_cr_sf/build/cr_pjt
[4.484s] Level 1:colcon.colcon_core.environment:create_environment_scripts_only(cr_pjt)
[4.484s] DEBUG:colcon.colcon_core.event_handler.log_command:Invoked command in '/home/choigh/ws_cr_sf/build/cr_pjt' returned '0': CMAKE_PREFIX_PATH=${CMAKE_PREFIX_PATH}:/opt/ros/humble /usr/bin/cmake --install /home/choigh/ws_cr_sf/build/cr_pjt
[4.488s] Level 1:colcon.colcon_core.environment:checking '/home/choigh/ws_cr_sf/install/cr_pjt' for CMake module files
[4.489s] Level 1:colcon.colcon_core.environment:checking '/home/choigh/ws_cr_sf/install/cr_pjt' for CMake config files
[4.489s] Level 1:colcon.colcon_core.shell:create_environment_hook('cr_pjt', 'cmake_prefix_path')
[4.489s] INFO:colcon.colcon_core.shell:Creating environment hook '/home/choigh/ws_cr_sf/install/cr_pjt/share/cr_pjt/hook/cmake_prefix_path.ps1'
[4.489s] INFO:colcon.colcon_core.shell:Creating environment descriptor '/home/choigh/ws_cr_sf/install/cr_pjt/share/cr_pjt/hook/cmake_prefix_path.dsv'
[4.490s] INFO:colcon.colcon_core.shell:Creating environment hook '/home/choigh/ws_cr_sf/install/cr_pjt/share/cr_pjt/hook/cmake_prefix_path.sh'
[4.490s] Level 1:colcon.colcon_core.environment:checking '/home/choigh/ws_cr_sf/install/cr_pjt/lib'
[4.490s] Level 1:colcon.colcon_core.environment:checking '/home/choigh/ws_cr_sf/install/cr_pjt/bin'
[4.490s] Level 1:colcon.colcon_core.environment:checking '/home/choigh/ws_cr_sf/install/cr_pjt/lib/pkgconfig/cr_pjt.pc'
[4.490s] Level 1:colcon.colcon_core.environment:checking '/home/choigh/ws_cr_sf/install/cr_pjt/lib/python3.10/site-packages'
[4.491s] Level 1:colcon.colcon_core.environment:checking '/home/choigh/ws_cr_sf/install/cr_pjt/bin'
[4.491s] INFO:colcon.colcon_core.shell:Creating package script '/home/choigh/ws_cr_sf/install/cr_pjt/share/cr_pjt/package.ps1'
[4.492s] INFO:colcon.colcon_core.shell:Creating package descriptor '/home/choigh/ws_cr_sf/install/cr_pjt/share/cr_pjt/package.dsv'
[4.492s] INFO:colcon.colcon_core.shell:Creating package script '/home/choigh/ws_cr_sf/install/cr_pjt/share/cr_pjt/package.sh'
[4.493s] INFO:colcon.colcon_core.shell:Creating package script '/home/choigh/ws_cr_sf/install/cr_pjt/share/cr_pjt/package.bash'
[4.494s] INFO:colcon.colcon_core.shell:Creating package script '/home/choigh/ws_cr_sf/install/cr_pjt/share/cr_pjt/package.zsh'
[4.495s] Level 1:colcon.colcon_core.environment:create_file_with_runtime_dependencies(/home/choigh/ws_cr_sf/install/cr_pjt/share/colcon-core/packages/cr_pjt)
[4.496s] Level 1:colcon.colcon_core.environment:create_environment_scripts_only(cr_pjt)
[4.496s] Level 1:colcon.colcon_core.environment:checking '/home/choigh/ws_cr_sf/install/cr_pjt' for CMake module files
[4.496s] Level 1:colcon.colcon_core.environment:checking '/home/choigh/ws_cr_sf/install/cr_pjt' for CMake config files
[4.496s] Level 1:colcon.colcon_core.shell:create_environment_hook('cr_pjt', 'cmake_prefix_path')
[4.496s] INFO:colcon.colcon_core.shell:Creating environment hook '/home/choigh/ws_cr_sf/install/cr_pjt/share/cr_pjt/hook/cmake_prefix_path.ps1'
[4.497s] INFO:colcon.colcon_core.shell:Creating environment descriptor '/home/choigh/ws_cr_sf/install/cr_pjt/share/cr_pjt/hook/cmake_prefix_path.dsv'
[4.497s] INFO:colcon.colcon_core.shell:Creating environment hook '/home/choigh/ws_cr_sf/install/cr_pjt/share/cr_pjt/hook/cmake_prefix_path.sh'
[4.497s] Level 1:colcon.colcon_core.environment:checking '/home/choigh/ws_cr_sf/install/cr_pjt/lib'
[4.497s] Level 1:colcon.colcon_core.environment:checking '/home/choigh/ws_cr_sf/install/cr_pjt/bin'
[4.497s] Level 1:colcon.colcon_core.environment:checking '/home/choigh/ws_cr_sf/install/cr_pjt/lib/pkgconfig/cr_pjt.pc'
[4.497s] Level 1:colcon.colcon_core.environment:checking '/home/choigh/ws_cr_sf/install/cr_pjt/lib/python3.10/site-packages'
[4.497s] Level 1:colcon.colcon_core.environment:checking '/home/choigh/ws_cr_sf/install/cr_pjt/bin'
[4.498s] INFO:colcon.colcon_core.shell:Creating package script '/home/choigh/ws_cr_sf/install/cr_pjt/share/cr_pjt/package.ps1'
[4.498s] INFO:colcon.colcon_core.shell:Creating package descriptor '/home/choigh/ws_cr_sf/install/cr_pjt/share/cr_pjt/package.dsv'
[4.498s] INFO:colcon.colcon_core.shell:Creating package script '/home/choigh/ws_cr_sf/install/cr_pjt/share/cr_pjt/package.sh'
[4.498s] INFO:colcon.colcon_core.shell:Creating package script '/home/choigh/ws_cr_sf/install/cr_pjt/share/cr_pjt/package.bash'
[4.498s] INFO:colcon.colcon_core.shell:Creating package script '/home/choigh/ws_cr_sf/install/cr_pjt/share/cr_pjt/package.zsh'
[4.499s] Level 1:colcon.colcon_core.environment:create_file_with_runtime_dependencies(/home/choigh/ws_cr_sf/install/cr_pjt/share/colcon-core/packages/cr_pjt)
[4.499s] DEBUG:colcon.colcon_parallel_executor.executor.parallel:closing loop
[4.499s] DEBUG:colcon.colcon_parallel_executor.executor.parallel:loop closed
[4.499s] DEBUG:colcon.colcon_parallel_executor.executor.parallel:run_until_complete finished with '0'
[4.499s] DEBUG:colcon.colcon_core.event_reactor:joining thread
[4.502s] INFO:colcon.colcon_core.plugin_system:Skipping extension 'colcon_notification.desktop_notification.terminal_notifier': Not used on non-Darwin systems
[4.502s] INFO:colcon.colcon_core.plugin_system:Skipping extension 'colcon_notification.desktop_notification.win32': Not used on non-Windows systems
[4.503s] INFO:colcon.colcon_notification.desktop_notification:Sending desktop notification using 'notify2'
[4.512s] DEBUG:colcon.colcon_core.event_reactor:joined thread
[4.512s] INFO:colcon.colcon_core.shell:Creating prefix script '/home/choigh/ws_cr_sf/install/local_setup.ps1'
[4.513s] INFO:colcon.colcon_core.shell:Creating prefix util module '/home/choigh/ws_cr_sf/install/_local_setup_util_ps1.py'
[4.514s] INFO:colcon.colcon_core.shell:Creating prefix chain script '/home/choigh/ws_cr_sf/install/setup.ps1'
[4.515s] INFO:colcon.colcon_core.shell:Creating prefix script '/home/choigh/ws_cr_sf/install/local_setup.sh'
[4.515s] INFO:colcon.colcon_core.shell:Creating prefix util module '/home/choigh/ws_cr_sf/install/_local_setup_util_sh.py'
[4.515s] INFO:colcon.colcon_core.shell:Creating prefix chain script '/home/choigh/ws_cr_sf/install/setup.sh'
[4.516s] INFO:colcon.colcon_core.shell:Creating prefix script '/home/choigh/ws_cr_sf/install/local_setup.bash'
[4.516s] INFO:colcon.colcon_core.shell:Creating prefix chain script '/home/choigh/ws_cr_sf/install/setup.bash'
[4.517s] INFO:colcon.colcon_core.shell:Creating prefix script '/home/choigh/ws_cr_sf/install/local_setup.zsh'
[4.517s] INFO:colcon.colcon_core.shell:Creating prefix chain script '/home/choigh/ws_cr_sf/install/setup.zsh'
